<?xml version="1.0" encoding="UTF-8"?>
<!-- Generated by org.testng.reporters.JUnitReportReporter -->
<testsuite hostname="LAPTOP-4JFS8M6D" failures="0" tests="5" name="runner.TestRunner1" time="231.058" errors="0" timestamp="2025-03-19T17:30:50 IST" skipped="0">
  <testcase classname="runner.TestRunner1" name="runScenario" time="36.511"/>
  <system-out/>
  <testcase classname="runner.TestRunner1" name="runScenario" time="29.336"/>
  <system-out/>
  <testcase classname="runner.TestRunner1" name="runScenario" time="26.482"/>
  <system-out/>
  <testcase classname="runner.TestRunner1" name="runScenario" time="80.451"/>
  <system-out/>
  <testcase classname="runner.TestRunner1" name="runScenario" time="58.278"/>
  <system-out/>
</testsuite> <!-- runner.TestRunner1 -->
